21:52:37.665 INFO  - Processing command line option -hwspec C:\Users\NN\Desktop\lab3\SDK\SDK_Export\hw\system.xml. 
22:10:09.916 INFO  - Project lab3_hw_platform's source hardware specification located at C:\Users\NN\Desktop\lab3\SDK\SDK_Export\hw\system.xml is now different from the local copy.
		 The local copy will be replaced with the source specification and your workspace will be updated. 
22:20:21.887 INFO  - Project lab3_hw_platform's source hardware specification location will not be monitored anymore. 
22:20:39.067 INFO  - Processing command line option -hwspec C:\Users\NN\Desktop\lab3\SDK\SDK_Export\hw\system.xml. 
22:20:41.201 INFO  - The hardware specification for project 'lab3_hw_platform' is different from C:\Users\NN\Desktop\lab3\SDK\SDK_Export\hw\system.xml. 
22:20:41.303 INFO  - Copied contents of C:\Users\NN\Desktop\lab3\SDK\SDK_Export\hw\system.xml into \lab3_hw_platform\system.xml. 
22:20:41.338 INFO  - Copied contents of C:\Users\NN\Desktop\lab3\SDK\SDK_Export\hw\system.bit into \lab3_hw_platform\system.bit. 
22:20:41.367 INFO  - Copied contents of C:\Users\NN\Desktop\lab3\SDK\SDK_Export\hw\system_bd.bmm into \lab3_hw_platform\system_bd.bmm. 
22:20:43.664 INFO  - Synchronizing projects in the workspace with the hardware platform specification changes. 
22:20:45.338 INFO  - Updating MSS for Board Support Package Project: hello_world_bsp.
		 The following new driver assignments were made:
			Peripheral Instance: my_peripheral_0, driver: generic_v1_00_a.
 
22:20:46.431 INFO  - Updating hardware inferred compiler options for hello_world. 
22:20:46.504 INFO  - Clearing existing target manager status. 
22:30:57.072 INFO  - Processing command line option -hwspec C:\Users\NN\Desktop\lab3\SDK\SDK_Export\hw\system.xml. 
22:38:17.741 INFO  - Saving repository preferences. 
22:38:17.763 INFO  - Reading in cores from local repositories: 
		 C:\Users\NN\Desktop\lab3 
22:38:17.805 INFO  - Updating libgen.options on all BSP projects. 
22:38:17.822 INFO  - Cleaning BSP projects in the workspace. 
22:41:52.311 INFO  - Settings changed on project hello_world_bsp. Triggering a rebuild... 
22:41:52.930 INFO  - Refreshed build settings on project hello_world 
