22:41:53 **** Build of project hello_world_bsp ****
make -k all 
libgen -hw ../lab3_hw_platform/system.xml\
	       -lp C:/Users/NN/Desktop/lab3\
	       -pe microblaze_0 \
	       -log libgen.log \
	       system.mss
libgen
Xilinx EDK 14.6 Build EDK_P.68d
Copyright (c) 1995-2012 Xilinx, Inc.  All rights reserved.

Command Line: libgen -hw ../lab3_hw_platform/system.xml -lp
C:/Users/NN/Desktop/lab3 -pe microblaze_0 -log libgen.log system.mss 


Staging source files.
Running DRCs.
Running generate.
Running post_generate.
Running include - 'make -s include "COMPILER=mb-gcc" "ARCHIVER=mb-ar"
"COMPILER_FLAGS=-mlittle-endian -mno-xl-soft-mul -mxl-barrel-shift
-mxl-pattern-compare -mcpu=v8.50.b  -O2 -c" "EXTRA_COMPILER_FLAGS=-g
-ffunction-sections -fdata-sections"'.

Running libs - 'make -s libs "COMPILER=mb-gcc" "ARCHIVER=mb-ar"
"COMPILER_FLAGS=-mlittle-endian -mno-xl-soft-mul -mxl-barrel-shift
-mxl-pattern-compare -mcpu=v8.50.b  -O2 -c" "EXTRA_COMPILER_FLAGS=-g
-ffunction-sections -fdata-sections"'.
"Compiling common"
"Compiling standalone";
"Compiling uartlite"
"Compiling gpio"
"Compiling bram"
"Compiling my_peripheral"
my_peripheral_selftest.c: In function 'MY_PERIPHERAL_SelfTest':
my_peripheral_selftest.c:70:50: error: 'MY_PERIPHERAL_USER_NUM_REG' undeclared (first use in this function)
my_peripheral_selftest.c:70:50: note: each undeclared identifier is reported only once for each function it appears in
make[1]: *** [libs] Error 1
"Compiling cpu"
ERROR:EDK:369 -  make failed for target "libs" 
ERROR:EDK:3418 - Error(s) while running make.
make: *** [microblaze_0/lib/libxil.a] Error 2
make: Target `all' not remade because of errors.

22:43:11 Build Finished (took 1m:18s.349ms)

